<?xml version="1.0" encoding="UTF-8"?>
<!-- Generated by org.testng.reporters.JUnitXMLReporter -->
<testsuite hostname="N101352" failures="1" tests="1" name="testng" time="17.49" errors="0" timestamp="29 Jun 2020 00:16:52 GMT">
  <testcase classname="com.mycompany.runner.RunTest" name="feature" time="17.096">
    <failure type="cucumber.runtime.CucumberException" message="java.lang.AssertionError: expected [true] but found [false]">
      <![CDATA[cucumber.runtime.CucumberException: java.lang.AssertionError: expected [true] but found [false]
	at cucumber.api.testng.TestNGCucumberRunner.runCucumber(TestNGCucumberRunner.java:69)
	at cucumber.api.testng.AbstractTestNGCucumberTests.feature(AbstractTestNGCucumberTests.java:21)
Caused by: java.lang.AssertionError: expected [true] but found [false]
	at com.mycompany.stepDefinitions.ReportsDemo.This_one_fails(ReportsDemo.java:68)
	at âœ½.When This one fails(src/test/java/com/mycompany/module/test/features/ReportDemo.feature:14)
... Removed 28 stack frames]]>
    </failure>
  </testcase> <!-- feature -->
</testsuite> <!-- testng -->
